<?xml version="1.0" encoding="UTF-8"?>
<!-- Generated by org.testng.reporters.JUnitReportReporter -->
<testsuite hostname="sheereesh-PC" failures="0" tests="4" name="testRunners.TestRunners" time="0.185" errors="0" timestamp="2022-01-06T20:26:28 IST" skipped="0">
  <testcase classname="testRunners.TestRunners" name="runScenario" time="0.124"/>
  <system-out/>
  <testcase classname="testRunners.TestRunners" name="runScenario" time="0.024"/>
  <system-out/>
  <testcase classname="testRunners.TestRunners" name="runScenario" time="0.012"/>
  <system-out/>
  <testcase classname="testRunners.TestRunners" name="runScenario" time="0.025"/>
  <system-out/>
</testsuite> <!-- testRunners.TestRunners -->
