<?xml version="1.0" encoding="UTF-8"?>
<!-- Generated by org.testng.reporters.JUnitReportReporter -->
<testsuite hostname="sheereesh-PC" failures="0" tests="4" name="testRunners.TestRunners" time="46.536" errors="0" timestamp="2022-01-06T22:01:03 IST" skipped="0">
  <testcase classname="testRunners.TestRunners" name="runScenario" time="12.753"/>
  <system-out/>
  <testcase classname="testRunners.TestRunners" name="runScenario" time="10.189"/>
  <system-out/>
  <testcase classname="testRunners.TestRunners" name="runScenario" time="9.843"/>
  <system-out/>
  <testcase classname="testRunners.TestRunners" name="runScenario" time="13.751"/>
  <system-out/>
</testsuite> <!-- testRunners.TestRunners -->
