<?xml version="1.0" encoding="UTF-8"?>
<!-- Generated by org.testng.reporters.JUnitReportReporter -->
<testsuite hostname="sheereesh-PC" failures="0" tests="4" name="testRunners.TestRunners" time="66.054" errors="0" timestamp="2022-01-07T22:12:06 IST" skipped="0">
  <testcase classname="testRunners.TestRunners" name="runScenario" time="14.397"/>
  <system-out/>
  <testcase classname="testRunners.TestRunners" name="runScenario" time="19.838"/>
  <system-out/>
  <testcase classname="testRunners.TestRunners" name="runScenario" time="16.068"/>
  <system-out/>
  <testcase classname="testRunners.TestRunners" name="runScenario" time="15.751"/>
  <system-out/>
</testsuite> <!-- testRunners.TestRunners -->
